C:\Users\Alejandro Sanchez A\Dropbox\EAFIT\6 Semestre\Organización de Computadores\Práctica 2\CoffeeStar 2.0\CoffeeStar 2.0\Debug\cl.command.1.tlog
C:\Users\Alejandro Sanchez A\Dropbox\EAFIT\6 Semestre\Organización de Computadores\Práctica 2\CoffeeStar 2.0\CoffeeStar 2.0\Debug\CL.read.1.tlog
C:\Users\Alejandro Sanchez A\Dropbox\EAFIT\6 Semestre\Organización de Computadores\Práctica 2\CoffeeStar 2.0\CoffeeStar 2.0\Debug\CL.write.1.tlog
C:\Users\Alejandro Sanchez A\Dropbox\EAFIT\6 Semestre\Organización de Computadores\Práctica 2\CoffeeStar 2.0\CoffeeStar 2.0\Debug\CoffeeStar 2.0.exe.embed.manifest
C:\USERS\ALEJANDRO SANCHEZ A\DROPBOX\EAFIT\6 SEMESTRE\ORGANIZACIóN DE COMPUTADORES\PRáCTICA 2\COFFEESTAR 2.0\COFFEESTAR 2.0\DEBUG\COFFEESTAR 2.0.EXE.EMBED.MANIFEST.RES
C:\Users\Alejandro Sanchez A\Dropbox\EAFIT\6 Semestre\Organización de Computadores\Práctica 2\CoffeeStar 2.0\CoffeeStar 2.0\Debug\CoffeeStar 2.0.exe.intermediate.manifest
C:\USERS\ALEJANDRO SANCHEZ A\DROPBOX\EAFIT\6 SEMESTRE\ORGANIZACIóN DE COMPUTADORES\PRáCTICA 2\COFFEESTAR 2.0\COFFEESTAR 2.0\DEBUG\COFFEESTAR 2.0.OBJ
C:\USERS\ALEJANDRO SANCHEZ A\DROPBOX\EAFIT\6 SEMESTRE\ORGANIZACIóN DE COMPUTADORES\PRáCTICA 2\COFFEESTAR 2.0\COFFEESTAR 2.0\DEBUG\COFFEESTAR 2.0.PCH
C:\Users\Alejandro Sanchez A\Dropbox\EAFIT\6 Semestre\Organización de Computadores\Práctica 2\CoffeeStar 2.0\CoffeeStar 2.0\Debug\CoffeeStar 2.0.pdb
C:\Users\Alejandro Sanchez A\Dropbox\EAFIT\6 Semestre\Organización de Computadores\Práctica 2\CoffeeStar 2.0\CoffeeStar 2.0\Debug\CoffeeStar 2.0.vcxprojResolveAssemblyReference.cache
C:\Users\Alejandro Sanchez A\Dropbox\EAFIT\6 Semestre\Organización de Computadores\Práctica 2\CoffeeStar 2.0\CoffeeStar 2.0\Debug\CoffeeStar 2.0.write.1.tlog
C:\Users\Alejandro Sanchez A\Dropbox\EAFIT\6 Semestre\Organización de Computadores\Práctica 2\CoffeeStar 2.0\CoffeeStar 2.0\Debug\CoffeeStar 2.0_manifest.rc
C:\Users\Alejandro Sanchez A\Dropbox\EAFIT\6 Semestre\Organización de Computadores\Práctica 2\CoffeeStar 2.0\CoffeeStar 2.0\Debug\link.1056.read.1.tlog
C:\Users\Alejandro Sanchez A\Dropbox\EAFIT\6 Semestre\Organización de Computadores\Práctica 2\CoffeeStar 2.0\CoffeeStar 2.0\Debug\link.1056.write.1.tlog
C:\Users\Alejandro Sanchez A\Dropbox\EAFIT\6 Semestre\Organización de Computadores\Práctica 2\CoffeeStar 2.0\CoffeeStar 2.0\Debug\link.1056-cvtres.read.1.tlog
C:\Users\Alejandro Sanchez A\Dropbox\EAFIT\6 Semestre\Organización de Computadores\Práctica 2\CoffeeStar 2.0\CoffeeStar 2.0\Debug\link.1056-cvtres.write.1.tlog
C:\Users\Alejandro Sanchez A\Dropbox\EAFIT\6 Semestre\Organización de Computadores\Práctica 2\CoffeeStar 2.0\CoffeeStar 2.0\Debug\link.1272.read.1.tlog
C:\Users\Alejandro Sanchez A\Dropbox\EAFIT\6 Semestre\Organización de Computadores\Práctica 2\CoffeeStar 2.0\CoffeeStar 2.0\Debug\link.1272.write.1.tlog
C:\Users\Alejandro Sanchez A\Dropbox\EAFIT\6 Semestre\Organización de Computadores\Práctica 2\CoffeeStar 2.0\CoffeeStar 2.0\Debug\link.1272-cvtres.read.1.tlog
C:\Users\Alejandro Sanchez A\Dropbox\EAFIT\6 Semestre\Organización de Computadores\Práctica 2\CoffeeStar 2.0\CoffeeStar 2.0\Debug\link.1272-cvtres.write.1.tlog
C:\Users\Alejandro Sanchez A\Dropbox\EAFIT\6 Semestre\Organización de Computadores\Práctica 2\CoffeeStar 2.0\CoffeeStar 2.0\Debug\link.1300.read.1.tlog
C:\Users\Alejandro Sanchez A\Dropbox\EAFIT\6 Semestre\Organización de Computadores\Práctica 2\CoffeeStar 2.0\CoffeeStar 2.0\Debug\link.1300.write.1.tlog
C:\Users\Alejandro Sanchez A\Dropbox\EAFIT\6 Semestre\Organización de Computadores\Práctica 2\CoffeeStar 2.0\CoffeeStar 2.0\Debug\link.1300-cvtres.read.1.tlog
C:\Users\Alejandro Sanchez A\Dropbox\EAFIT\6 Semestre\Organización de Computadores\Práctica 2\CoffeeStar 2.0\CoffeeStar 2.0\Debug\link.1300-cvtres.write.1.tlog
C:\Users\Alejandro Sanchez A\Dropbox\EAFIT\6 Semestre\Organización de Computadores\Práctica 2\CoffeeStar 2.0\CoffeeStar 2.0\Debug\link.2260.read.1.tlog
C:\Users\Alejandro Sanchez A\Dropbox\EAFIT\6 Semestre\Organización de Computadores\Práctica 2\CoffeeStar 2.0\CoffeeStar 2.0\Debug\link.2260.write.1.tlog
C:\Users\Alejandro Sanchez A\Dropbox\EAFIT\6 Semestre\Organización de Computadores\Práctica 2\CoffeeStar 2.0\CoffeeStar 2.0\Debug\link.2260-cvtres.read.1.tlog
C:\Users\Alejandro Sanchez A\Dropbox\EAFIT\6 Semestre\Organización de Computadores\Práctica 2\CoffeeStar 2.0\CoffeeStar 2.0\Debug\link.2260-cvtres.write.1.tlog
C:\Users\Alejandro Sanchez A\Dropbox\EAFIT\6 Semestre\Organización de Computadores\Práctica 2\CoffeeStar 2.0\CoffeeStar 2.0\Debug\link.4568.read.1.tlog
C:\Users\Alejandro Sanchez A\Dropbox\EAFIT\6 Semestre\Organización de Computadores\Práctica 2\CoffeeStar 2.0\CoffeeStar 2.0\Debug\link.4568.write.1.tlog
C:\Users\Alejandro Sanchez A\Dropbox\EAFIT\6 Semestre\Organización de Computadores\Práctica 2\CoffeeStar 2.0\CoffeeStar 2.0\Debug\link.4568-cvtres.read.1.tlog
C:\Users\Alejandro Sanchez A\Dropbox\EAFIT\6 Semestre\Organización de Computadores\Práctica 2\CoffeeStar 2.0\CoffeeStar 2.0\Debug\link.4568-cvtres.write.1.tlog
C:\Users\Alejandro Sanchez A\Dropbox\EAFIT\6 Semestre\Organización de Computadores\Práctica 2\CoffeeStar 2.0\CoffeeStar 2.0\Debug\link.4596.read.1.tlog
C:\Users\Alejandro Sanchez A\Dropbox\EAFIT\6 Semestre\Organización de Computadores\Práctica 2\CoffeeStar 2.0\CoffeeStar 2.0\Debug\link.4596.write.1.tlog
C:\Users\Alejandro Sanchez A\Dropbox\EAFIT\6 Semestre\Organización de Computadores\Práctica 2\CoffeeStar 2.0\CoffeeStar 2.0\Debug\link.4596-cvtres.read.1.tlog
C:\Users\Alejandro Sanchez A\Dropbox\EAFIT\6 Semestre\Organización de Computadores\Práctica 2\CoffeeStar 2.0\CoffeeStar 2.0\Debug\link.4596-cvtres.write.1.tlog
C:\Users\Alejandro Sanchez A\Dropbox\EAFIT\6 Semestre\Organización de Computadores\Práctica 2\CoffeeStar 2.0\CoffeeStar 2.0\Debug\link.5736.read.1.tlog
C:\Users\Alejandro Sanchez A\Dropbox\EAFIT\6 Semestre\Organización de Computadores\Práctica 2\CoffeeStar 2.0\CoffeeStar 2.0\Debug\link.5736.write.1.tlog
C:\Users\Alejandro Sanchez A\Dropbox\EAFIT\6 Semestre\Organización de Computadores\Práctica 2\CoffeeStar 2.0\CoffeeStar 2.0\Debug\link.5736-cvtres.read.1.tlog
C:\Users\Alejandro Sanchez A\Dropbox\EAFIT\6 Semestre\Organización de Computadores\Práctica 2\CoffeeStar 2.0\CoffeeStar 2.0\Debug\link.5736-cvtres.write.1.tlog
C:\Users\Alejandro Sanchez A\Dropbox\EAFIT\6 Semestre\Organización de Computadores\Práctica 2\CoffeeStar 2.0\CoffeeStar 2.0\Debug\link.6956.read.1.tlog
C:\Users\Alejandro Sanchez A\Dropbox\EAFIT\6 Semestre\Organización de Computadores\Práctica 2\CoffeeStar 2.0\CoffeeStar 2.0\Debug\link.6956.write.1.tlog
C:\Users\Alejandro Sanchez A\Dropbox\EAFIT\6 Semestre\Organización de Computadores\Práctica 2\CoffeeStar 2.0\CoffeeStar 2.0\Debug\link.6956-cvtres.read.1.tlog
C:\Users\Alejandro Sanchez A\Dropbox\EAFIT\6 Semestre\Organización de Computadores\Práctica 2\CoffeeStar 2.0\CoffeeStar 2.0\Debug\link.6956-cvtres.write.1.tlog
C:\Users\Alejandro Sanchez A\Dropbox\EAFIT\6 Semestre\Organización de Computadores\Práctica 2\CoffeeStar 2.0\CoffeeStar 2.0\Debug\link.7104.read.1.tlog
C:\Users\Alejandro Sanchez A\Dropbox\EAFIT\6 Semestre\Organización de Computadores\Práctica 2\CoffeeStar 2.0\CoffeeStar 2.0\Debug\link.7104.write.1.tlog
C:\Users\Alejandro Sanchez A\Dropbox\EAFIT\6 Semestre\Organización de Computadores\Práctica 2\CoffeeStar 2.0\CoffeeStar 2.0\Debug\link.7104-cvtres.read.1.tlog
C:\Users\Alejandro Sanchez A\Dropbox\EAFIT\6 Semestre\Organización de Computadores\Práctica 2\CoffeeStar 2.0\CoffeeStar 2.0\Debug\link.7104-cvtres.write.1.tlog
C:\Users\Alejandro Sanchez A\Dropbox\EAFIT\6 Semestre\Organización de Computadores\Práctica 2\CoffeeStar 2.0\CoffeeStar 2.0\Debug\link.764.read.1.tlog
C:\Users\Alejandro Sanchez A\Dropbox\EAFIT\6 Semestre\Organización de Computadores\Práctica 2\CoffeeStar 2.0\CoffeeStar 2.0\Debug\link.764.write.1.tlog
C:\Users\Alejandro Sanchez A\Dropbox\EAFIT\6 Semestre\Organización de Computadores\Práctica 2\CoffeeStar 2.0\CoffeeStar 2.0\Debug\link.764-cvtres.read.1.tlog
C:\Users\Alejandro Sanchez A\Dropbox\EAFIT\6 Semestre\Organización de Computadores\Práctica 2\CoffeeStar 2.0\CoffeeStar 2.0\Debug\link.764-cvtres.write.1.tlog
C:\Users\Alejandro Sanchez A\Dropbox\EAFIT\6 Semestre\Organización de Computadores\Práctica 2\CoffeeStar 2.0\CoffeeStar 2.0\Debug\link.command.1.tlog
C:\Users\Alejandro Sanchez A\Dropbox\EAFIT\6 Semestre\Organización de Computadores\Práctica 2\CoffeeStar 2.0\CoffeeStar 2.0\Debug\link.read.1.tlog
C:\Users\Alejandro Sanchez A\Dropbox\EAFIT\6 Semestre\Organización de Computadores\Práctica 2\CoffeeStar 2.0\CoffeeStar 2.0\Debug\link.write.1.tlog
C:\Users\Alejandro Sanchez A\Dropbox\EAFIT\6 Semestre\Organización de Computadores\Práctica 2\CoffeeStar 2.0\CoffeeStar 2.0\Debug\link-cvtres.read.1.tlog
C:\Users\Alejandro Sanchez A\Dropbox\EAFIT\6 Semestre\Organización de Computadores\Práctica 2\CoffeeStar 2.0\CoffeeStar 2.0\Debug\link-cvtres.write.1.tlog
C:\Users\Alejandro Sanchez A\Dropbox\EAFIT\6 Semestre\Organización de Computadores\Práctica 2\CoffeeStar 2.0\CoffeeStar 2.0\Debug\mt.command.1.tlog
C:\Users\Alejandro Sanchez A\Dropbox\EAFIT\6 Semestre\Organización de Computadores\Práctica 2\CoffeeStar 2.0\CoffeeStar 2.0\Debug\mt.read.1.tlog
C:\Users\Alejandro Sanchez A\Dropbox\EAFIT\6 Semestre\Organización de Computadores\Práctica 2\CoffeeStar 2.0\CoffeeStar 2.0\Debug\mt.write.1.tlog
C:\Users\Alejandro Sanchez A\Dropbox\EAFIT\6 Semestre\Organización de Computadores\Práctica 2\CoffeeStar 2.0\CoffeeStar 2.0\Debug\rc.command.1.tlog
C:\Users\Alejandro Sanchez A\Dropbox\EAFIT\6 Semestre\Organización de Computadores\Práctica 2\CoffeeStar 2.0\CoffeeStar 2.0\Debug\rc.read.1.tlog
C:\Users\Alejandro Sanchez A\Dropbox\EAFIT\6 Semestre\Organización de Computadores\Práctica 2\CoffeeStar 2.0\CoffeeStar 2.0\Debug\rc.write.1.tlog
C:\USERS\ALEJANDRO SANCHEZ A\DROPBOX\EAFIT\6 SEMESTRE\ORGANIZACIóN DE COMPUTADORES\PRáCTICA 2\COFFEESTAR 2.0\COFFEESTAR 2.0\DEBUG\STDAFX.OBJ
C:\Users\Alejandro Sanchez A\Dropbox\EAFIT\6 Semestre\Organización de Computadores\Práctica 2\CoffeeStar 2.0\CoffeeStar 2.0\Debug\vc100.idb
C:\USERS\ALEJANDRO SANCHEZ A\DROPBOX\EAFIT\6 SEMESTRE\ORGANIZACIÓN DE COMPUTADORES\PRÁCTICA 2\COFFEESTAR 2.0\COFFEESTAR 2.0\DEBUG\VC100.PDB
E:\DROPBOX\UNIVERSIDAD\SEMESTRE 6\ORGANIZACIóN DE COMPUTADORES\COFFEESTAR\PRACTICE 2\SRC\COFFEESTAR 2.0\COFFEESTAR 2.0\DEBUG\COFFEESTAR 2.0.EXE
E:\DROPBOX\UNIVERSIDAD\SEMESTRE 6\ORGANIZACIóN DE COMPUTADORES\COFFEESTAR\PRACTICE 2\SRC\COFFEESTAR 2.0\COFFEESTAR 2.0\DEBUG\COFFEESTAR 2.0.EXE.INTERMEDIATE.MANIFEST
E:\DROPBOX\UNIVERSIDAD\SEMESTRE 6\ORGANIZACIóN DE COMPUTADORES\COFFEESTAR\PRACTICE 2\SRC\COFFEESTAR 2.0\COFFEESTAR 2.0\DEBUG\COFFEESTAR 2.0.ILK
E:\DROPBOX\UNIVERSIDAD\SEMESTRE 6\ORGANIZACIóN DE COMPUTADORES\COFFEESTAR\PRACTICE 2\SRC\COFFEESTAR 2.0\COFFEESTAR 2.0\DEBUG\COFFEESTAR 2.0.OBJ
E:\DROPBOX\UNIVERSIDAD\SEMESTRE 6\ORGANIZACIóN DE COMPUTADORES\COFFEESTAR\PRACTICE 2\SRC\COFFEESTAR 2.0\COFFEESTAR 2.0\DEBUG\COFFEESTAR 2.0.PCH
E:\DROPBOX\UNIVERSIDAD\SEMESTRE 6\ORGANIZACIÓN DE COMPUTADORES\COFFEESTAR\PRACTICE 2\SRC\COFFEESTAR 2.0\COFFEESTAR 2.0\DEBUG\COFFEESTAR 2.0.PDB
E:\DROPBOX\UNIVERSIDAD\SEMESTRE 6\ORGANIZACIóN DE COMPUTADORES\COFFEESTAR\PRACTICE 2\SRC\COFFEESTAR 2.0\COFFEESTAR 2.0\DEBUG\STDAFX.OBJ
E:\DROPBOX\UNIVERSIDAD\SEMESTRE 6\ORGANIZACIÓN DE COMPUTADORES\COFFEESTAR\PRACTICE 2\SRC\COFFEESTAR 2.0\COFFEESTAR 2.0\DEBUG\VC100.PDB
E:\DROPBOX\UNIVERSIDAD\SEMESTRE 6\ORGANIZACIóN DE COMPUTADORES\COFFEESTAR\PRACTICE 2\SRC\COFFEESTAR 2.0\DEBUG\COFFEESTAR 2.0.EXE
E:\DROPBOX\UNIVERSIDAD\SEMESTRE 6\ORGANIZACIóN DE COMPUTADORES\COFFEESTAR\PRACTICE 2\SRC\COFFEESTAR 2.0\DEBUG\COFFEESTAR 2.0.EXE.EMBED.MANIFEST
E:\DROPBOX\UNIVERSIDAD\SEMESTRE 6\ORGANIZACIóN DE COMPUTADORES\COFFEESTAR\PRACTICE 2\SRC\COFFEESTAR 2.0\DEBUG\COFFEESTAR 2.0.EXE.EMBED.MANIFEST.RES
E:\DROPBOX\UNIVERSIDAD\SEMESTRE 6\ORGANIZACIóN DE COMPUTADORES\COFFEESTAR\PRACTICE 2\SRC\COFFEESTAR 2.0\DEBUG\COFFEESTAR 2.0.EXE.INTERMEDIATE.MANIFEST
E:\DROPBOX\UNIVERSIDAD\SEMESTRE 6\ORGANIZACIóN DE COMPUTADORES\COFFEESTAR\PRACTICE 2\SRC\COFFEESTAR 2.0\DEBUG\COFFEESTAR 2.0.ILK
E:\DROPBOX\UNIVERSIDAD\SEMESTRE 6\ORGANIZACIóN DE COMPUTADORES\COFFEESTAR\PRACTICE 2\SRC\COFFEESTAR 2.0\DEBUG\COFFEESTAR 2.0.OBJ
E:\DROPBOX\UNIVERSIDAD\SEMESTRE 6\ORGANIZACIóN DE COMPUTADORES\COFFEESTAR\PRACTICE 2\SRC\COFFEESTAR 2.0\DEBUG\COFFEESTAR 2.0.PCH
E:\DROPBOX\UNIVERSIDAD\SEMESTRE 6\ORGANIZACIÓN DE COMPUTADORES\COFFEESTAR\PRACTICE 2\SRC\COFFEESTAR 2.0\DEBUG\COFFEESTAR 2.0.PDB
E:\DROPBOX\UNIVERSIDAD\SEMESTRE 6\ORGANIZACIóN DE COMPUTADORES\COFFEESTAR\PRACTICE 2\SRC\COFFEESTAR 2.0\DEBUG\STDAFX.OBJ
E:\DROPBOX\UNIVERSIDAD\SEMESTRE 6\ORGANIZACIÓN DE COMPUTADORES\COFFEESTAR\PRACTICE 2\SRC\COFFEESTAR 2.0\DEBUG\VC100.PDB
