Compilación iniciada a las 26/09/2014 06:41:45 p.m..
     1>Proyecto "E:\Dropbox\Universidad\Semestre 6\Organización de Computadores\coffeestar\Practice 2\src\CoffeeStar 2.0\CoffeeStar 2.0\CoffeeStar 2.0.vcxproj" en el nodo 2 (build destinos).
     1>InitializeBuildStatus:
         Se creará "Debug\CoffeeStar 2.0.unsuccessfulbuild" porque se especificó "AlwaysCreate".
       ClCompile:
         Todas las salidas están actualizadas.
         C:\Program Files (x86)\Microsoft Visual Studio 10.0\VC\bin\CL.exe /c /Zi /nologo /W3 /WX- /Od /Oy- /D WIN32 /D _DEBUG /D _CONSOLE /D _UNICODE /D UNICODE /Gm /EHsc /RTC1 /MDd /GS /fp:precise /Zc:wchar_t /Zc:forScope /Yu"StdAfx.h" /Fp"Debug\CoffeeStar 2.0.pch" /Fo"Debug\\" /Fd"Debug\vc100.pdb" /Gd /TP /analyze- /errorReport:prompt "CoffeeStar 2.0.cpp"
         CoffeeStar 2.0.cpp
     1>CoffeeStar 2.0.cpp(141): warning C4018: '<' : no coinciden signed/unsigned
     1>CoffeeStar 2.0.cpp(328): warning C4410: tamaño no válido para el operando
     1>CoffeeStar 2.0.cpp(1606): warning C4410: tamaño no válido para el operando
     1>CoffeeStar 2.0.cpp(1702): warning C4410: tamaño no válido para el operando
     1>CoffeeStar 2.0.cpp(1840): warning C4410: tamaño no válido para el operando
       Link:
         C:\Program Files (x86)\Microsoft Visual Studio 10.0\VC\bin\link.exe /ERRORREPORT:PROMPT /OUT:"E:\Dropbox\Universidad\Semestre 6\Organización de Computadores\coffeestar\Practice 2\src\CoffeeStar 2.0\CoffeeStar 2.0\Debug\CoffeeStar 2.0.exe" /INCREMENTAL:NO /NOLOGO kernel32.lib user32.lib gdi32.lib winspool.lib comdlg32.lib advapi32.lib shell32.lib ole32.lib oleaut32.lib uuid.lib odbc32.lib odbccp32.lib /MANIFEST /ManifestFile:"Debug\CoffeeStar 2.0.exe.intermediate.manifest" /MANIFESTUAC:"level='asInvoker' uiAccess='false'" /DEBUG /PDB:"E:\Dropbox\Universidad\Semestre 6\Organización de Computadores\coffeestar\Practice 2\src\CoffeeStar 2.0\CoffeeStar 2.0\Debug\CoffeeStar 2.0.pdb" /SUBSYSTEM:CONSOLE /TLBID:1 /DYNAMICBASE /NXCOMPAT /IMPLIB:"E:\Dropbox\Universidad\Semestre 6\Organización de Computadores\coffeestar\Practice 2\src\CoffeeStar 2.0\CoffeeStar 2.0\Debug\CoffeeStar 2.0.lib" /MACHINE:X86 "Debug\CoffeeStar 2.0.obj"
         Debug\stdafx.obj
         CoffeeStar 2.0.vcxproj -> E:\Dropbox\Universidad\Semestre 6\Organización de Computadores\coffeestar\Practice 2\src\CoffeeStar 2.0\CoffeeStar 2.0\Debug\CoffeeStar 2.0.exe
       Manifest:
         C:\Program Files (x86)\Microsoft SDKs\Windows\v7.0A\bin\mt.exe /nologo /verbose /outputresource:"E:\Dropbox\Universidad\Semestre 6\Organización de Computadores\coffeestar\Practice 2\src\CoffeeStar 2.0\CoffeeStar 2.0\Debug\CoffeeStar 2.0.exe;#1" /manifest "Debug\CoffeeStar 2.0.exe.intermediate.manifest"
       FinalizeBuildStatus:
         Se eliminará el archivo "Debug\CoffeeStar 2.0.unsuccessfulbuild".
         Aplicando tarea Touch a "Debug\CoffeeStar 2.0.lastbuildstate".
     1>Compilación del proyecto terminada "E:\Dropbox\Universidad\Semestre 6\Organización de Computadores\coffeestar\Practice 2\src\CoffeeStar 2.0\CoffeeStar 2.0\CoffeeStar 2.0.vcxproj" (build destinos).

Compilación correcta.

Tiempo transcurrido 00:00:01.06
